<?xml version="1.0" encoding="UTF-8"?>
<!-- Generated by org.testng.reporters.JUnitReportReporter -->
<testsuite hostname="RO-VMAHESWARI10" failures="0" tests="1" name="org.example.AppTest" time="0.017" errors="0" timestamp="2022-12-26T23:02:35 EST" skipped="0">
  <testcase classname="org.example.AppTest" name="shouldAnswerWithTrue" time="0.017"/>
  <system-out/>
</testsuite> <!-- org.example.AppTest -->
